Using pre-set license
Built from '2020.3/staging' branch; Version is '2020.3.8f1 (507919d4fff5) revision 5273881'; Using compiler version '192528614'; Build Type 'Release'
OS: 'Windows 10 Home; OS build 19044.1526; Version 2009; 64bit' Language: 'en' Physical Memory: 16190 MB
BatchMode: 1, IsHumanControllingUs: 0, StartBugReporterOnCrash: 0, Is64bit: 1, IsPro: 0

 COMMAND LINE ARGUMENTS:
C:\Program Files\Unity\Hub\Editor\2020.3.8f1\Editor\Unity.exe
-adb2
-batchMode
-noUpm
-name
AssetImportWorker0
-projectPath
C:/Users/yosef/OneDrive/Documents/Unity projects/Infected
-logFile
Logs/AssetImportWorker0.log
-srvPort
56653
Successfully changed project path to: C:/Users/yosef/OneDrive/Documents/Unity projects/Infected
C:/Users/yosef/OneDrive/Documents/Unity projects/Infected
Using Asset Import Pipeline V2.
Refreshing native plugins compatible for Editor in 57.60 ms, found 2 plugins.
Preloading 0 native plugins for Editor in 0.00 ms.
Initialize engine version: 2020.3.8f1 (507919d4fff5)
[Subsystems] Discovering subsystems at path C:/Program Files/Unity/Hub/Editor/2020.3.8f1/Editor/Data/Resources/UnitySubsystems
[Subsystems] Discovering subsystems at path C:/Users/yosef/OneDrive/Documents/Unity projects/Infected/Assets
GfxDevice: creating device client; threaded=0
Direct3D:
    Version:  Direct3D 11.0 [level 11.1]
    Renderer: NVIDIA GeForce RTX 2060 (ID=0x1f11)
    Vendor:   
    VRAM:     5980 MB
    Driver:   30.0.14.7212
Initialize mono
Mono path[0] = 'C:/Program Files/Unity/Hub/Editor/2020.3.8f1/Editor/Data/Managed'
Mono path[1] = 'C:/Program Files/Unity/Hub/Editor/2020.3.8f1/Editor/Data/MonoBleedingEdge/lib/mono/unityjit'
Mono config path = 'C:/Program Files/Unity/Hub/Editor/2020.3.8f1/Editor/Data/MonoBleedingEdge/etc'
Using monoOptions --debugger-agent=transport=dt_socket,embedding=1,server=y,suspend=n,address=127.0.0.1:56264
Begin MonoManager ReloadAssembly
Registering precompiled unity dll's ...
Register platform support module: C:/Program Files/Unity/Hub/Editor/2020.3.8f1/Editor/Data/PlaybackEngines/WindowsStandaloneSupport/UnityEditor.WindowsStandalone.Extensions.dll
Registered in 0.002121 seconds.
Native extension for WindowsStandalone target not found
Refreshing native plugins compatible for Editor in 54.56 ms, found 2 plugins.
Preloading 0 native plugins for Editor in 0.00 ms.
Mono: successfully reloaded assembly
- Completed reload, in  3.856 seconds
Platform modules already initialized, skipping
Registering precompiled user dll's ...
Registered in 0.007866 seconds.
Begin MonoManager ReloadAssembly
Native extension for WindowsStandalone target not found
Refreshing native plugins compatible for Editor in 56.35 ms, found 2 plugins.
Preloading 0 native plugins for Editor in 0.00 ms.
Mono: successfully reloaded assembly
- Completed reload, in  1.177 seconds
Platform modules already initialized, skipping
========================================================================
Worker process is ready to serve import requests
Launched and connected shader compiler UnityShaderCompiler.exe after 0.06 seconds
Refreshing native plugins compatible for Editor in 0.56 ms, found 2 plugins.
Preloading 0 native plugins for Editor in 0.00 ms.
Unloading 3250 Unused Serialized files (Serialized files now loaded: 0)
System memory in use before: 140.0 MB.
System memory in use after: 140.2 MB.

Unloading 23 unused Assets to reduce memory usage. Loaded Objects now: 3683.
Total: 2.996500 ms (FindLiveObjects: 0.314900 ms CreateObjectMapping: 0.131300 ms MarkObjects: 2.470000 ms  DeleteObjects: 0.079500 ms)

========================================================================
Received Import Request.
  path: Assets/StarterAssets_Documentation.pdf
  artifactKey: Guid(1a445425cef527547b9b5d92e92449b6) Importer(815301076,1909f56bfc062723c751e8b465ee728b)
Start importing Assets/StarterAssets_Documentation.pdf using Guid(1a445425cef527547b9b5d92e92449b6) Importer(815301076,1909f56bfc062723c751e8b465ee728b)  -> (artifact id: '410163afa31f5805be6a8bd3a2332f57') in 0.050549 seconds
  Import took 0.055035 seconds .

========================================================================
Received Import Request.
  Time since last request: 2.930372 seconds.
  path: Assets/Character
  artifactKey: Guid(135db69c43c47ee4e97c7c6b13621056) Importer(815301076,1909f56bfc062723c751e8b465ee728b)
Start importing Assets/Character using Guid(135db69c43c47ee4e97c7c6b13621056) Importer(815301076,1909f56bfc062723c751e8b465ee728b)  -> (artifact id: '6ec6064f874bbfc89d8d468e5298ac32') in 0.009154 seconds
  Import took 0.018804 seconds .

========================================================================
Received Import Request.
  Time since last request: 2.909333 seconds.
  path: Assets/Character/Animations
  artifactKey: Guid(478ef75e2d9612043ad9e092df040fea) Importer(815301076,1909f56bfc062723c751e8b465ee728b)
Start importing Assets/Character/Animations using Guid(478ef75e2d9612043ad9e092df040fea) Importer(815301076,1909f56bfc062723c751e8b465ee728b)  -> (artifact id: 'c0da320b70354780b08a97e15f10fa91') in 0.011215 seconds
  Import took 0.024100 seconds .

========================================================================
Received Import Request.
  Time since last request: 0.060382 seconds.
  path: Assets/Character/Animations/Jump--InAir.anim.fbx
  artifactKey: Guid(063aa479676c4084ebf187660ca0a7b8) Importer(815301076,1909f56bfc062723c751e8b465ee728b)
Start importing Assets/Character/Animations/Jump--InAir.anim.fbx using Guid(063aa479676c4084ebf187660ca0a7b8) Importer(815301076,1909f56bfc062723c751e8b465ee728b)  -> (artifact id: '26dc4f78c073c0e5ce74c0cf5e881bb6') in 0.085165 seconds
  Import took 0.090307 seconds .

========================================================================
Received Import Request.
  Time since last request: 0.000318 seconds.
  path: Assets/Character/Animations/Stand--Idle.anim.fbx
  artifactKey: Guid(12e52e465ed793a4d801955e9f964a82) Importer(815301076,1909f56bfc062723c751e8b465ee728b)
Start importing Assets/Character/Animations/Stand--Idle.anim.fbx using Guid(12e52e465ed793a4d801955e9f964a82) Importer(815301076,1909f56bfc062723c751e8b465ee728b)  -> (artifact id: 'b3a274b5ff592eae82dfb317e2e10d37') in 0.014032 seconds
  Import took 0.019060 seconds .

========================================================================
Received Import Request.
  Time since last request: 0.000507 seconds.
  path: Assets/Character/Animations/Locomotion--Run_N_Land.anim.fbx
  artifactKey: Guid(3c033631149b9c541bcf155cd94cccba) Importer(815301076,1909f56bfc062723c751e8b465ee728b)
Start importing Assets/Character/Animations/Locomotion--Run_N_Land.anim.fbx using Guid(3c033631149b9c541bcf155cd94cccba) Importer(815301076,1909f56bfc062723c751e8b465ee728b)  -> (artifact id: 'd24425a0872437325c2579a4fe98cfa8') in 0.016137 seconds
  Import took 0.022814 seconds .

========================================================================
Received Import Request.
  Time since last request: 0.000374 seconds.
  path: Assets/Character/Animations/Jump--Jump.anim.fbx
  artifactKey: Guid(98f277b0c8055e143b2fcf058d3c27dc) Importer(815301076,1909f56bfc062723c751e8b465ee728b)
Start importing Assets/Character/Animations/Jump--Jump.anim.fbx using Guid(98f277b0c8055e143b2fcf058d3c27dc) Importer(815301076,1909f56bfc062723c751e8b465ee728b)  -> (artifact id: '42ea0a681ae3ef6c3a77c6112f2136df') in 0.016048 seconds
  Import took 0.024785 seconds .

========================================================================
Received Import Request.
  Time since last request: 0.000469 seconds.
  path: Assets/Character/Animations/Locomotion--Run_S.anim.fbx
  artifactKey: Guid(a073c604c44135e438eeeaef77058ac5) Importer(815301076,1909f56bfc062723c751e8b465ee728b)
Start importing Assets/Character/Animations/Locomotion--Run_S.anim.fbx using Guid(a073c604c44135e438eeeaef77058ac5) Importer(815301076,1909f56bfc062723c751e8b465ee728b)  -> (artifact id: '990329eca7a7741365c329878fe6577c') in 0.022593 seconds
  Import took 0.031285 seconds .

========================================================================
Received Import Request.
  Time since last request: 0.000299 seconds.
  path: Assets/Character/Animations/Locomotion--Walk_N.anim.fbx
  artifactKey: Guid(8269a9f8cf495034c817722ac21f309f) Importer(815301076,1909f56bfc062723c751e8b465ee728b)
Start importing Assets/Character/Animations/Locomotion--Walk_N.anim.fbx using Guid(8269a9f8cf495034c817722ac21f309f) Importer(815301076,1909f56bfc062723c751e8b465ee728b)  -> (artifact id: 'f4e5a87db3c97a07d310f4cd3c2d88bb') in 0.017625 seconds
  Import took 0.027095 seconds .

========================================================================
Received Import Request.
  Time since last request: 0.000286 seconds.
  path: Assets/Character/Animations/Locomotion--Run_N.anim.fbx
  artifactKey: Guid(16114d403eabb53438de032c6f0d1deb) Importer(815301076,1909f56bfc062723c751e8b465ee728b)
Start importing Assets/Character/Animations/Locomotion--Run_N.anim.fbx using Guid(16114d403eabb53438de032c6f0d1deb) Importer(815301076,1909f56bfc062723c751e8b465ee728b)  -> (artifact id: 'c5db2b8c74a525eb4f4271de753daad1') in 0.017705 seconds
  Import took 0.023601 seconds .

========================================================================
Received Import Request.
  Time since last request: 0.000635 seconds.
  path: Assets/Character/Animations/Locomotion--Walk_N.anim.fbx
  artifactKey: Guid(8269a9f8cf495034c817722ac21f309f) Importer(815301076,1909f56bfc062723c751e8b465ee728b)
Start importing Assets/Character/Animations/Locomotion--Walk_N.anim.fbx using Guid(8269a9f8cf495034c817722ac21f309f) Importer(815301076,1909f56bfc062723c751e8b465ee728b)  -> (artifact id: 'f4e5a87db3c97a07d310f4cd3c2d88bb') in 0.005855 seconds
  Import took 0.014124 seconds .

========================================================================
Received Import Request.
  Time since last request: 0.000360 seconds.
  path: Assets/Character/Animations/Locomotion--Walk_N_Land.anim.fbx
  artifactKey: Guid(325a26d62b61fa94cb3c97c435efebc5) Importer(815301076,1909f56bfc062723c751e8b465ee728b)
Start importing Assets/Character/Animations/Locomotion--Walk_N_Land.anim.fbx using Guid(325a26d62b61fa94cb3c97c435efebc5) Importer(815301076,1909f56bfc062723c751e8b465ee728b)  -> (artifact id: '6cf6bc864aa50b0ea496d2ed800e3186') in 0.017020 seconds
  Import took 0.025030 seconds .

========================================================================
Received Prepare
Refreshing native plugins compatible for Editor in 4.00 ms, found 2 plugins.
Preloading 0 native plugins for Editor in 0.00 ms.
Unloading 13 Unused Serialized files (Serialized files now loaded: 0)
System memory in use before: 71.1 MB.
System memory in use after: 71.4 MB.

Unloading 13 unused Assets to reduce memory usage. Loaded Objects now: 3683.
Total: 4.191300 ms (FindLiveObjects: 0.317700 ms CreateObjectMapping: 0.140900 ms MarkObjects: 3.710100 ms  DeleteObjects: 0.021500 ms)

AssetImportWorkerClient::OnTransportError - code=2 error=End of file
